[debug] [2023-03-13T09:15:31.606Z] ----------------------------------------------------------------------
[debug] [2023-03-13T09:15:31.607Z] Command:       /usr/local/bin/node /usr/local/bin/firebase init
[debug] [2023-03-13T09:15:31.607Z] CLI Version:   11.16.0
[debug] [2023-03-13T09:15:31.608Z] Platform:      darwin
[debug] [2023-03-13T09:15:31.608Z] Node Version:  v16.15.0
[debug] [2023-03-13T09:15:31.613Z] Time:          Mon Mar 13 2023 12:15:31 GMT+0300 (GMT+03:00)
[debug] [2023-03-13T09:15:31.613Z] ----------------------------------------------------------------------
[debug] 
[debug] [2023-03-13T09:15:31.615Z] >>> [apiv2][query] GET https://firebase-public.firebaseio.com/cli.json [none]
[debug] [2023-03-13T09:15:31.630Z] > command requires scopes: ["email","openid","https://www.googleapis.com/auth/cloudplatformprojects.readonly","https://www.googleapis.com/auth/firebase","https://www.googleapis.com/auth/cloud-platform"]
[debug] [2023-03-13T09:15:31.631Z] > authorizing via signed-in user (cavusdagtoprak@gmail.com)
[info] 
     ######## #### ########  ######## ########     ###     ######  ########
     ##        ##  ##     ## ##       ##     ##  ##   ##  ##       ##
     ######    ##  ########  ######   ########  #########  ######  ######
     ##        ##  ##    ##  ##       ##     ## ##     ##       ## ##
     ##       #### ##     ## ######## ########  ##     ##  ######  ########

You're about to initialize a Firebase project in this directory:

  /Users/toprakcavusdag/Desktop/Hunters/dist

[debug] [2023-03-13T09:15:32.057Z] <<< [apiv2][status] GET https://firebase-public.firebaseio.com/cli.json 200
[debug] [2023-03-13T09:15:32.057Z] <<< [apiv2][body] GET https://firebase-public.firebaseio.com/cli.json {"cloudBuildErrorAfter":1594252800000,"cloudBuildWarnAfter":1590019200000,"defaultNode10After":1594252800000,"minVersion":"3.0.5","node8DeploysDisabledAfter":1613390400000,"node8RuntimeDisabledAfter":1615809600000,"node8WarnAfter":1600128000000}
